# JRE version: OpenJDK Runtime Environment Temurin-17.0.7+7 (17.0.7+7) (build 17.0.7+7)
# Java VM: OpenJDK 64-Bit Server VM Temurin-17.0.7+7 (17.0.7+7, mixed mode, sharing, tiered, compressed oops, compressed class ptrs, g1 gc, windows-amd64)
GC Precious Log:
 CPUs: 6 total, 6 available
 Memory: 16310M
 Large Page Support: Disabled
 NUMA Support: Disabled
 Compressed Oops: Enabled (Zero based)
 Heap Region Size: 2M
 Heap Min Capacity: 8M
 Heap Initial Capacity: 256M
 Heap Max Capacity: 3G
 Pre-touch: Disabled
 Parallel Workers: 6
 Concurrent Workers: 2
 Concurrent Refinement Workers: 6
 Periodic GC: Disabled
Heap:
 garbage-first heap   total 270336K, used 173973K [0x0000000740000000, 0x0000000800000000)
  region size 2048K, 19 young (38912K), 3 survivors (6144K)
 Metaspace       used 75810K, committed 76544K, reserved 1179648K
  class space    used 10295K, committed 10624K, reserved 1048576K
GC Heap History (20 events):
Event: 6.591 GC heap before
{Heap before GC invocations=16 (full 0):
 garbage-first heap   total 180224K, used 89814K [0x0000000740000000, 0x0000000800000000)
  region size 2048K, 10 young (20480K), 1 survivors (2048K)
 Metaspace       used 60138K, committed 60736K, reserved 1114112K
  class space    used 8331K, committed 8576K, reserved 1048576K
}
Event: 6.594 GC heap after
{Heap after GC invocations=17 (full 0):
 garbage-first heap   total 180224K, used 53573K [0x0000000740000000, 0x0000000800000000)
  region size 2048K, 2 young (4096K), 2 survivors (4096K)
 Metaspace       used 60138K, committed 60736K, reserved 1114112K
  class space    used 8331K, committed 8576K, reserved 1048576K
}
Event: 6.681 GC heap before
{Heap before GC invocations=17 (full 0):
 garbage-first heap   total 180224K, used 86341K [0x0000000740000000, 0x0000000800000000)
  region size 2048K, 7 young (14336K), 2 survivors (4096K)
 Metaspace       used 60195K, committed 60736K, reserved 1114112K
  class space    used 8331K, committed 8576K, reserved 1048576K
}
Event: 6.683 GC heap after
{Heap after GC invocations=18 (full 0):
 garbage-first heap   total 180224K, used 53458K [0x0000000740000000, 0x0000000800000000)
  region size 2048K, 2 young (4096K), 2 survivors (4096K)
 Metaspace       used 60195K, committed 60736K, reserved 1114112K
  class space    used 8331K, committed 8576K, reserved 1048576K
}
Event: 6.807 GC heap before
{Heap before GC invocations=18 (full 0):
 garbage-first heap   total 180224K, used 84178K [0x0000000740000000, 0x0000000800000000)
  region size 2048K, 4 young (8192K), 2 survivors (4096K)
 Metaspace       used 60407K, committed 60992K, reserved 1114112K
  class space    used 8370K, committed 8640K, reserved 1048576K
}
Event: 6.809 GC heap after
{Heap after GC invocations=19 (full 0):
 garbage-first heap   total 217088K, used 53724K [0x0000000740000000, 0x0000000800000000)
  region size 2048K, 2 young (4096K), 2 survivors (4096K)
 Metaspace       used 60407K, committed 60992K, reserved 1114112K
  class space    used 8370K, committed 8640K, reserved 1048576K
}
Event: 6.955 GC heap before
{Heap before GC invocations=19 (full 0):
 garbage-first heap   total 217088K, used 100828K [0x0000000740000000, 0x0000000800000000)
  region size 2048K, 4 young (8192K), 2 survivors (4096K)
 Metaspace       used 60498K, committed 61056K, reserved 1114112K
  class space    used 8371K, committed 8640K, reserved 1048576K
}
Event: 6.957 GC heap after
{Heap after GC invocations=20 (full 0):
 garbage-first heap   total 217088K, used 53787K [0x0000000740000000, 0x0000000800000000)
  region size 2048K, 2 young (4096K), 2 survivors (4096K)
 Metaspace       used 60498K, committed 61056K, reserved 1114112K
  class space    used 8371K, committed 8640K, reserved 1048576K
}
Event: 7.104 GC heap before
{Heap before GC invocations=20 (full 0):
 garbage-first heap   total 217088K, used 107035K [0x0000000740000000, 0x0000000800000000)
  region size 2048K, 7 young (14336K), 2 survivors (4096K)
 Metaspace       used 60688K, committed 61248K, reserved 1114112K
  class space    used 8374K, committed 8640K, reserved 1048576K
}
Event: 7.106 GC heap after
{Heap after GC invocations=21 (full 0):
 garbage-first heap   total 217088K, used 62112K [0x0000000740000000, 0x0000000800000000)
  region size 2048K, 2 young (4096K), 2 survivors (4096K)
 Metaspace       used 60688K, committed 61248K, reserved 1114112K
  class space    used 8374K, committed 8640K, reserved 1048576K
}
Event: 7.813 GC heap before
{Heap before GC invocations=21 (full 0):
 garbage-first heap   total 217088K, used 195232K [0x0000000740000000, 0x0000000800000000)
  region size 2048K, 59 young (120832K), 2 survivors (4096K)
 Metaspace       used 64398K, committed 65024K, reserved 1114112K
  class space    used 8962K, committed 9280K, reserved 1048576K
}
Event: 7.829 GC heap after
{Heap after GC invocations=22 (full 0):
 garbage-first heap   total 225280K, used 78638K [0x0000000740000000, 0x0000000800000000)
  region size 2048K, 8 young (16384K), 8 survivors (16384K)
 Metaspace       used 64398K, committed 65024K, reserved 1114112K
  class space    used 8962K, committed 9280K, reserved 1048576K
}
Event: 8.208 GC heap before
{Heap before GC invocations=22 (full 0):
 garbage-first heap   total 225280K, used 164654K [0x0000000740000000, 0x0000000800000000)
  region size 2048K, 51 young (104448K), 8 survivors (16384K)
 Metaspace       used 66055K, committed 66688K, reserved 1114112K
  class space    used 9182K, committed 9472K, reserved 1048576K
}
Event: 8.225 GC heap after
{Heap after GC invocations=23 (full 0):
 garbage-first heap   total 270336K, used 93715K [0x0000000740000000, 0x0000000800000000)
  region size 2048K, 7 young (14336K), 7 survivors (14336K)
 Metaspace       used 66055K, committed 66688K, reserved 1114112K
  class space    used 9182K, committed 9472K, reserved 1048576K
}
Event: 9.144 GC heap before
{Heap before GC invocations=23 (full 0):
 garbage-first heap   total 270336K, used 216595K [0x0000000740000000, 0x0000000800000000)
  region size 2048K, 58 young (118784K), 7 survivors (14336K)
 Metaspace       used 71458K, committed 72064K, reserved 1114112K
  class space    used 9823K, committed 10112K, reserved 1048576K
}
Event: 9.157 GC heap after
{Heap after GC invocations=24 (full 0):
 garbage-first heap   total 270336K, used 130084K [0x0000000740000000, 0x0000000800000000)
  region size 2048K, 8 young (16384K), 8 survivors (16384K)
 Metaspace       used 71458K, committed 72064K, reserved 1114112K
  class space    used 9823K, committed 10112K, reserved 1048576K
}
Event: 9.790 GC heap before
{Heap before GC invocations=24 (full 0):
 garbage-first heap   total 270336K, used 199716K [0x0000000740000000, 0x0000000800000000)
  region size 2048K, 42 young (86016K), 8 survivors (16384K)
 Metaspace       used 74396K, committed 75072K, reserved 1114112K
  class space    used 10140K, committed 10432K, reserved 1048576K
}
Event: 9.802 GC heap after
{Heap after GC invocations=25 (full 0):
 garbage-first heap   total 270336K, used 144488K [0x0000000740000000, 0x0000000800000000)
  region size 2048K, 6 young (12288K), 6 survivors (12288K)
 Metaspace       used 74396K, committed 75072K, reserved 1114112K
  class space    used 10140K, committed 10432K, reserved 1048576K
}
Event: 10.501 GC heap before
{Heap before GC invocations=25 (full 0):
 garbage-first heap   total 270336K, used 203880K [0x0000000740000000, 0x0000000800000000)
  region size 2048K, 36 young (73728K), 6 survivors (12288K)
 Metaspace       used 75518K, committed 76096K, reserved 1179648K
  class space    used 10276K, committed 10560K, reserved 1048576K
}
Event: 10.510 GC heap after
{Heap after GC invocations=26 (full 0):
 garbage-first heap   total 270336K, used 147349K [0x0000000740000000, 0x0000000800000000)
  region size 2048K, 3 young (6144K), 3 survivors (6144K)
 Metaspace       used 75518K, committed 76096K, reserved 1179648K
  class space    used 10276K, committed 10560K, reserved 1048576K
}

